<?xml version="1.0" encoding="UTF-8"?>
<!-- Generated by org.testng.reporters.JUnitReportReporter -->
<testsuite skipped="0" hostname="DESKTOP-PV5T3HC" name="com.tests.PutTest" tests="1" failures="0" timestamp="2020-09-24T17:25:52 IST" time="4.005" errors="0">
  <testcase name="test_1" time="4.005" classname="com.tests.PutTest"/>
  <system-out/>
</testsuite> <!-- com.tests.PutTest -->
