<?xml version="1.0" encoding="UTF-8"?>
<!-- Generated by org.testng.reporters.JUnitReportReporter -->
<testsuite skipped="0" hostname="DESKTOP-PV5T3HC" name="com.tests.GetTest" tests="1" failures="0" timestamp="2020-09-24T16:37:11 IST" time="5.379" errors="0">
  <testcase name="test_01" time="5.379" classname="com.tests.GetTest"/>
  <system-out/>
</testsuite> <!-- com.tests.GetTest -->
