<?xml version="1.0" encoding="UTF-8"?>
<!-- Generated by org.testng.reporters.JUnitReportReporter -->
<testsuite skipped="0" hostname="DESKTOP-PV5T3HC" name="com.tests.GetTest" tests="2" failures="0" timestamp="2021-07-14T14:13:20 IST" time="6.558" errors="0">
  <testcase name="test_01" time="6.373" classname="com.tests.GetTest"/>
  <system-out/>
  <testcase name="test_02" time="0.185" classname="com.tests.GetTest"/>
  <system-out/>
</testsuite> <!-- com.tests.GetTest -->
