<?xml version="1.0" encoding="UTF-8"?>
<!-- Generated by org.testng.reporters.JUnitReportReporter -->
<testsuite skipped="0" hostname="DESKTOP-PV5T3HC" name="com.tests.PostTest" tests="1" failures="0" timestamp="2021-07-14T14:11:09 IST" time="4.237" errors="0">
  <testcase name="test_1" time="4.237" classname="com.tests.PostTest"/>
  <system-out/>
</testsuite> <!-- com.tests.PostTest -->
